Flow report for top_level_alu
Mon Oct 17 16:09:33 2016
Quartus Prime Version 16.0.0 Build 211 04/27/2016 SJ Lite Edition


---------------------
; Table of Contents ;
---------------------
  1. Legal Notice
  2. Flow Summary
  3. Flow Settings
  4. Flow Non-Default Global Settings
  5. Flow Elapsed Time
  6. Flow OS Summary
  7. Flow Log
  8. Flow Messages
  9. Flow Suppressed Messages



----------------
; Legal Notice ;
----------------
Copyright (C) 1991-2016 Altera Corporation. All rights reserved.
Your use of Altera Corporation's design tools, logic functions 
and other software and tools, and its AMPP partner logic 
functions, and any output files from any of the foregoing 
(including device programming or simulation files), and any 
associated documentation or information are expressly subject 
to the terms and conditions of the Altera Program License 
Subscription Agreement, the Altera Quartus Prime License Agreement,
the Altera MegaCore Function License Agreement, or other 
applicable license agreement, including, without limitation, 
that your use is for the sole purpose of programming logic 
devices manufactured by Altera and sold by Altera or its 
authorized distributors.  Please refer to the applicable 
agreement for further details.



+----------------------------------------------------------------------------------+
; Flow Summary                                                                     ;
+------------------------------------+---------------------------------------------+
; Flow Status                        ; Successful - Mon Oct 17 16:09:33 2016       ;
; Quartus Prime Version              ; 16.0.0 Build 211 04/27/2016 SJ Lite Edition ;
; Revision Name                      ; top_level_alu                               ;
; Top-level Entity Name              ; alu                                         ;
; Family                             ; Cyclone IV GX                               ;
; Total logic elements               ; 23 / 21,280 ( < 1 % )                       ;
;     Total combinational functions  ; 23 / 21,280 ( < 1 % )                       ;
;     Dedicated logic registers      ; 0 / 21,280 ( 0 % )                          ;
; Total registers                    ; 0                                           ;
; Total pins                         ; 51 / 167 ( 31 % )                           ;
; Total virtual pins                 ; 0                                           ;
; Total memory bits                  ; 0 / 774,144 ( 0 % )                         ;
; Embedded Multiplier 9-bit elements ; 0 / 80 ( 0 % )                              ;
; Total GXB Receiver Channel PCS     ; 0 / 4 ( 0 % )                               ;
; Total GXB Receiver Channel PMA     ; 0 / 4 ( 0 % )                               ;
; Total GXB Transmitter Channel PCS  ; 0 / 4 ( 0 % )                               ;
; Total GXB Transmitter Channel PMA  ; 0 / 4 ( 0 % )                               ;
; Total PLLs                         ; 0 / 4 ( 0 % )                               ;
; Device                             ; EP4CGX22CF19C6                              ;
; Timing Models                      ; Final                                       ;
+------------------------------------+---------------------------------------------+


+-----------------------------------------+
; Flow Settings                           ;
+-------------------+---------------------+
; Option            ; Setting             ;
+-------------------+---------------------+
; Start date & time ; 10/17/2016 16:08:59 ;
; Main task         ; Compilation         ;
; Revision Name     ; top_level_alu       ;
+-------------------+---------------------+


+----------------------------------------------------------------------------------------------------------------+
; Flow Non-Default Global Settings                                                                               ;
+-------------------------------------+---------------------------+---------------+-------------+----------------+
; Assignment Name                     ; Value                     ; Default Value ; Entity Name ; Section Id     ;
+-------------------------------------+---------------------------+---------------+-------------+----------------+
; COMPILER_SIGNATURE_ID               ; 0.147670073906778         ; --            ; --          ; --             ;
; EDA_OUTPUT_DATA_FORMAT              ; Verilog Hdl               ; --            ; --          ; eda_simulation ;
; EDA_SIMULATION_TOOL                 ; ModelSim-Altera (Verilog) ; <None>        ; --          ; --             ;
; EDA_TIME_SCALE                      ; 1 ps                      ; --            ; --          ; eda_simulation ;
; PARTITION_COLOR                     ; 16764057                  ; --            ; alu         ; Top            ;
; PARTITION_FITTER_PRESERVATION_LEVEL ; PLACEMENT_AND_ROUTING     ; --            ; alu         ; Top            ;
; PARTITION_NETLIST_TYPE              ; SOURCE                    ; --            ; alu         ; Top            ;
; PROJECT_OUTPUT_DIRECTORY            ; output_files              ; --            ; --          ; --             ;
; TOP_LEVEL_ENTITY                    ; alu                       ; top_level_alu ; --          ; --             ;
+-------------------------------------+---------------------------+---------------+-------------+----------------+


+-------------------------------------------------------------------------------------------------------------------------------+
; Flow Elapsed Time                                                                                                             ;
+---------------------------+--------------+-------------------------+---------------------+------------------------------------+
; Module Name               ; Elapsed Time ; Average Processors Used ; Peak Virtual Memory ; Total CPU Time (on all processors) ;
+---------------------------+--------------+-------------------------+---------------------+------------------------------------+
; Analysis & Synthesis      ; 00:00:16     ; 1.0                     ; 1300 MB             ; 00:00:34                           ;
; Fitter                    ; 00:00:09     ; 1.0                     ; 1491 MB             ; 00:00:07                           ;
; Assembler                 ; 00:00:02     ; 1.0                     ; 1132 MB             ; 00:00:01                           ;
; TimeQuest Timing Analyzer ; 00:00:02     ; 1.0                     ; 1088 MB             ; 00:00:02                           ;
; EDA Netlist Writer        ; 00:00:01     ; 1.0                     ; 1377 MB             ; 00:00:01                           ;
; Total                     ; 00:00:30     ; --                      ; --                  ; 00:00:45                           ;
+---------------------------+--------------+-------------------------+---------------------+------------------------------------+


+--------------------------------------------------------------------------------------------------------------+
; Flow OS Summary                                                                                              ;
+---------------------------+-----------------------------------+----------------+------------+----------------+
; Module Name               ; Machine Hostname                  ; OS Name        ; OS Version ; Processor type ;
+---------------------------+-----------------------------------+----------------+------------+----------------+
; Analysis & Synthesis      ; arktheshadow-HP-Pavilion-Notebook ; Ubuntu 16.04.1 ; 16         ; x86_64         ;
; Fitter                    ; arktheshadow-HP-Pavilion-Notebook ; Ubuntu 16.04.1 ; 16         ; x86_64         ;
; Assembler                 ; arktheshadow-HP-Pavilion-Notebook ; Ubuntu 16.04.1 ; 16         ; x86_64         ;
; TimeQuest Timing Analyzer ; arktheshadow-HP-Pavilion-Notebook ; Ubuntu 16.04.1 ; 16         ; x86_64         ;
; EDA Netlist Writer        ; arktheshadow-HP-Pavilion-Notebook ; Ubuntu 16.04.1 ; 16         ; x86_64         ;
+---------------------------+-----------------------------------+----------------+------------+----------------+


------------
; Flow Log ;
------------
quartus_map --read_settings_files=on --write_settings_files=off top_level_alu -c top_level_alu
quartus_fit --read_settings_files=off --write_settings_files=off top_level_alu -c top_level_alu
quartus_asm --read_settings_files=off --write_settings_files=off top_level_alu -c top_level_alu
quartus_sta top_level_alu -c top_level_alu
quartus_eda --read_settings_files=off --write_settings_files=off top_level_alu -c top_level_alu



